./tmp.sh: line 2: mat: command not found
./tmp.sh: line 2: mat: command not found
./tmp.sh: line 2: mat: command not found

                            < M A T L A B (R) >
                  Copyright 1984-2012 The MathWorks, Inc.
                    R2012a (7.14.0.739) 64-bit (glnxa64)
                              February 9, 2012

 
To get started, type one of these: helpwin, helpdesk, or demo.
For product information, visit www.mathworks.com.
 
./tmp.sh: line 2: 18000 Segmentation fault      (core dumped) /afs/csail.mit.edu/system/amd64_linux26/matlab/latest/bin/matlab -nodesktop -nosplash -r "U_data_pca"

                            < M A T L A B (R) >
                  Copyright 1984-2012 The MathWorks, Inc.
                    R2012a (7.14.0.739) 64-bit (glnxa64)
                              February 9, 2012

 
To get started, type one of these: helpwin, helpdesk, or demo.
For product information, visit www.mathworks.com.
 
./tmp.sh: line 2: 18275 Segmentation fault      (core dumped) /afs/csail.mit.edu/system/amd64_linux26/matlab/latest/bin/matlab -nodesktop -nosplash -r "U_data_pca"

                            < M A T L A B (R) >
                  Copyright 1984-2012 The MathWorks, Inc.
                    R2012a (7.14.0.739) 64-bit (glnxa64)
                              February 9, 2012

 
To get started, type one of these: helpwin, helpdesk, or demo.
For product information, visit www.mathworks.com.
 
MATLAB: tpp.c:63: __pthread_tpp_change_priority: Assertion `new_prio == -1 || (new_prio >= __sched_fifo_min_prio && new_prio <= __sched_fifo_max_prio)' failed.
./tmp.sh: line 2: 19048 Segmentation fault      (core dumped) /afs/csail.mit.edu/system/amd64_linux26/matlab/latest/bin/matlab -nodesktop -nosplash -r "U_data_pca"
